<?xml version="1.0" encoding="UTF-8"?>
<!-- Generated by org.testng.reporters.JUnitXMLReporter -->
<testsuite hostname="DESKTOP-5VOUPJ0" ignored="7" name="Smoke Test" tests="2" failures="1" timestamp="16 Jun 2019 17:45:55 GMT" time="15.667" errors="0">
  <testcase name="doLogin" time="2.636" classname="com.syntax.testcases.LoginPageTest"/>
  <testcase name="loginToOrangeHRM" time="2.226" classname="com.syntax.testcases.LoginPageTest">
    <failure type="java.lang.AssertionError" message="expected [true] but found [false]">
      <![CDATA[java.lang.AssertionError: expected [true] but found [false]
at com.syntax.testcases.LoginPageTest.loginToOrangeHRM(LoginPageTest.java:25)
... Removed 29 stack frames]]>
    </failure>
  </testcase> <!-- loginToOrangeHRM -->
  <testcase name="negativeLogin" time="0.0" classname="com.syntax.testcases.LoginPageTest">
    <ignored/>
  </testcase> <!-- negativeLogin -->
  <testcase name="@BeforeTest generateReport" time="0.0" classname="com.syntax.utils.BaseClass">
    <ignored/>
  </testcase> <!-- @BeforeTest generateReport -->
  <testcase name="@BeforeTest generateReport" time="0.0" classname="com.syntax.utils.BaseClass">
    <ignored/>
  </testcase> <!-- @BeforeTest generateReport -->
  <testcase name="addLocations" time="0.0" classname="com.syntax.testcases.AddLocationsTest">
    <ignored/>
  </testcase> <!-- addLocations -->
  <testcase name="@AfterTest flushReport" time="0.0" classname="com.syntax.utils.BaseClass">
    <ignored/>
  </testcase> <!-- @AfterTest flushReport -->
  <testcase name="@AfterTest flushReport" time="0.0" classname="com.syntax.utils.BaseClass">
    <ignored/>
  </testcase> <!-- @AfterTest flushReport -->
  <testcase name="addEmployee" time="0.0" classname="com.syntax.testcases.AddEmployeeTest">
    <ignored/>
  </testcase> <!-- addEmployee -->
</testsuite> <!-- Smoke Test -->
